\BOOKMARK [1][-]{section.1}{\376\377\000I\000n\000t\000r\000o\000d\000u\000c\000t\000i\000o\000n}{}% 1
\BOOKMARK [1][-]{section.2}{\376\377\000B\000a\000c\000k\000g\000r\000o\000u\000n\000d}{}% 2
\BOOKMARK [2][-]{subsection.2.1}{\376\377\000B\000a\000y\000e\000s\000i\000a\000n\000\040\000o\000p\000t\000i\000m\000i\000z\000a\000t\000i\000o\000n\000\040\000a\000n\000d\000\040\000b\000a\000n\000d\000i\000t\000s}{section.2}% 3
\BOOKMARK [2][-]{subsection.2.2}{\376\377\000L\000a\000n\000g\000u\000a\000g\000e\000\040\000m\000o\000d\000e\000l\000\040\000p\000r\000e\000-\000t\000r\000a\000i\000n\000i\000n\000g\000\040\000a\000n\000d\000\040\000t\000h\000e\000\040\000M\000a\000s\000k\000e\000d\000\040\000L\000a\000n\000g\000u\000a\000g\000e\000\040\000M\000o\000d\000e\000l}{section.2}% 4
\BOOKMARK [1][-]{section.3}{\376\377\000P\000r\000o\000p\000o\000s\000e\000d\000\040\000b\000a\000n\000d\000i\000t\000-\000b\000a\000s\000e\000d\000\040\000f\000r\000a\000m\000e\000w\000o\000r\000k}{}% 5
\BOOKMARK [2][-]{subsection.3.1}{\376\377\000F\000r\000o\000m\000\040\000M\000L\000M\000\040\000p\000r\000e\000-\000t\000r\000a\000i\000n\000i\000n\000g\000\040\000t\000o\000\040\000G\000a\000u\000s\000s\000i\000a\000n\000\040\000p\000r\000o\000c\000e\000s\000s\000-\000b\000a\000s\000e\000d\000\040\000r\000e\000g\000r\000e\000t\000\040\000m\000i\000n\000i\000m\000i\000z\000a\000t\000i\000o\000n}{section.3}% 6
\BOOKMARK [2][-]{subsection.3.2}{\376\377\000G\000P\000-\000T\000h\000o\000m\000p\000s\000o\000n\000\040\000s\000a\000m\000p\000l\000i\000n\000g\000\040\000f\000o\000r\000\040\000T\000L\000M\000\040\000p\000r\000e\000-\000t\000r\000a\000i\000n\000i\000n\000g\000.}{section.3}% 7
\BOOKMARK [1][-]{section.4}{\376\377\000E\000x\000p\000e\000r\000i\000m\000e\000n\000t\000s}{}% 8
\BOOKMARK [2][-]{subsection.4.1}{\376\377\000E\000v\000a\000l\000u\000a\000t\000i\000o\000n\000\040\000s\000e\000t\000-\000u\000p}{section.4}% 9
\BOOKMARK [2][-]{subsection.4.2}{\376\377\000G\000P\000-\000T\000S\000\040\000p\000r\000e\000-\000t\000r\000a\000i\000n\000i\000n\000g\000\040\000o\000f\000\040\000R\000o\000B\000E\000R\000T\000a\000\040\000m\000o\000d\000e\000l\000s}{section.4}% 10
\BOOKMARK [2][-]{subsection.4.3}{\376\377\000G\000P\000-\000T\000S\000\040\000p\000r\000e\000-\000t\000r\000a\000i\000n\000e\000d\000\040\000R\000o\000B\000E\000R\000T\000a\000\040\000m\000o\000d\000e\000l\000s\000\040\000f\000o\000r\000\040\000d\000o\000w\000n\000s\000t\000r\000e\000a\000m\000\040\000f\000i\000n\000e\000-\000t\000u\000n\000e\000d\000\040\000t\000a\000s\000k\000s}{section.4}% 11
\BOOKMARK [1][-]{section.5}{\376\377\000C\000o\000n\000c\000l\000u\000s\000i\000o\000n}{}% 12
\BOOKMARK [1][-]{appendix.A}{\376\377\000A\000p\000p\000e\000n\000d\000i\000x\000:\000\040\000G\000a\000u\000s\000s\000i\000a\000n\000\040\000p\000r\000o\000c\000e\000s\000s\000\040\000d\000e\000t\000a\000i\000l\000s}{}% 13
\BOOKMARK [1][-]{appendix.B}{\376\377\000A\000p\000p\000e\000n\000d\000i\000x\000:\000\040\000I\000m\000p\000l\000e\000m\000e\000n\000t\000a\000t\000i\000o\000n\000\040\000a\000n\000d\000\040\000e\000x\000p\000e\000r\000i\000m\000e\000n\000t\000a\000t\000i\000o\000n\000\040\000d\000e\000t\000a\000i\000l\000s}{}% 14
\BOOKMARK [2][-]{subsection.B.1}{\376\377\000G\000a\000u\000s\000s\000i\000a\000n\000\040\000p\000r\000o\000c\000e\000s\000s}{appendix.B}% 15
\BOOKMARK [2][-]{subsection.B.2}{\376\377\000R\000o\000B\000E\000R\000T\000a\000\040\000p\000r\000e\000-\000t\000r\000a\000i\000n\000i\000n\000g}{appendix.B}% 16
\BOOKMARK [2][-]{subsection.B.3}{\376\377\000S\000u\000m\000m\000a\000r\000y\000\040\000s\000t\000a\000t\000i\000s\000t\000i\000c\000s\000\040\000o\000f\000\040\000t\000h\000e\000\040\000c\000o\000m\000p\000u\000t\000a\000t\000i\000o\000n\000a\000l\000\040\000c\000o\000s\000t}{appendix.B}% 17
\BOOKMARK [2][-]{subsection.B.4}{\376\377\000S\000u\000m\000m\000a\000r\000y\000\040\000s\000t\000a\000t\000i\000s\000t\000i\000c\000s\000\040\000o\000f\000\040\000t\000h\000e\000\040\000p\000r\000e\000-\000t\000r\000a\000i\000n\000i\000n\000g\000\040\000d\000a\000t\000a\000s\000e\000t\000s}{appendix.B}% 18
\BOOKMARK [2][-]{subsection.B.5}{\376\377\000R\000o\000B\000E\000R\000T\000a\000\040\000f\000i\000n\000e\000-\000t\000u\000n\000i\000n\000g}{appendix.B}% 19
\BOOKMARK [2][-]{subsection.B.6}{\376\377\000S\000u\000m\000m\000a\000r\000y\000\040\000s\000t\000a\000t\000i\000s\000t\000i\000c\000s\000\040\000o\000f\000\040\000t\000h\000e\000\040\000f\000i\000n\000e\000-\000t\000u\000n\000i\000n\000g\000\040\000d\000a\000t\000a\000s\000e\000t\000s}{appendix.B}% 20
